Unity Editor version:    2021.3.10f1 (1c7d0df0160b)
Branch:                  2021.3/staging
Build type:              Release
Batch mode:              YES
macOS version:           Version 14.3 (Build 23D56)
Darwin version:          23.3.0
Architecture:            arm64
Running under Rosetta:   NO
Available memory:        8192 MB
Using pre-set license
Pro License: YES

COMMAND LINE ARGUMENTS:
/Applications/Unity/Hub/Editor/2021.3.10f1/Unity.app/Contents/MacOS/Unity
-adb2
-batchMode
-noUpm
-name
AssetImportWorker1
-projectPath
/Users/nurbol/Game interface
-logFile
Logs/AssetImportWorker1.log
-srvPort
49294
Successfully changed project path to: /Users/nurbol/Game interface
/Users/nurbol/Game interface
[UnityMemory] Configuration Parameters - Can be set up in boot.config
    "memorysetup-bucket-allocator-granularity=16"
    "memorysetup-bucket-allocator-bucket-count=8"
    "memorysetup-bucket-allocator-block-size=33554432"
    "memorysetup-bucket-allocator-block-count=8"
    "memorysetup-main-allocator-block-size=16777216"
    "memorysetup-thread-allocator-block-size=16777216"
    "memorysetup-gfx-main-allocator-block-size=16777216"
    "memorysetup-gfx-thread-allocator-block-size=16777216"
    "memorysetup-cache-allocator-block-size=4194304"
    "memorysetup-typetree-allocator-block-size=2097152"
    "memorysetup-profiler-bucket-allocator-granularity=16"
    "memorysetup-profiler-bucket-allocator-bucket-count=8"
    "memorysetup-profiler-bucket-allocator-block-size=33554432"
    "memorysetup-profiler-bucket-allocator-block-count=8"
    "memorysetup-profiler-allocator-block-size=16777216"
    "memorysetup-profiler-editor-allocator-block-size=1048576"
    "memorysetup-temp-allocator-size-main=16777216"
    "memorysetup-job-temp-allocator-block-size=2097152"
    "memorysetup-job-temp-allocator-block-size-background=1048576"
    "memorysetup-job-temp-allocator-reduction-small-platforms=262144"
    "memorysetup-temp-allocator-size-background-worker=32768"
    "memorysetup-temp-allocator-size-job-worker=262144"
    "memorysetup-temp-allocator-size-preload-manager=33554432"
    "memorysetup-temp-allocator-size-nav-mesh-worker=65536"
    "memorysetup-temp-allocator-size-audio-worker=65536"
    "memorysetup-temp-allocator-size-cloud-worker=32768"
    "memorysetup-temp-allocator-size-gi-baking-worker=262144"
    "memorysetup-temp-allocator-size-gfx=262144"
Refreshing native plugins compatible for Editor in 66.28 ms, found 2 plugins.
Preloading 0 native plugins for Editor in 0.00 ms.
Initialize engine version: 2021.3.10f1 (1c7d0df0160b)
[Subsystems] Discovering subsystems at path /Applications/Unity/Hub/Editor/2021.3.10f1/Unity.app/Contents/Resources/UnitySubsystems
[Subsystems] Discovering subsystems at path /Users/nurbol/Game interface/Assets
GfxDevice: creating device client; threaded=0; jobified=0
 preferred device: Apple M1 (high power)
Metal devices available: 1
0: Apple M1 (high power)
Using device Apple M1 (high power)
Initializing Metal device caps: Apple M1
Initialize mono
Mono path[0] = '/Applications/Unity/Hub/Editor/2021.3.10f1/Unity.app/Contents/Managed'
Mono path[1] = '/Applications/Unity/Hub/Editor/2021.3.10f1/Unity.app/Contents/MonoBleedingEdge/lib/mono/unityjit-macos'
Mono config path = '/Applications/Unity/Hub/Editor/2021.3.10f1/Unity.app/Contents/MonoBleedingEdge/etc'
Using monoOptions --debugger-agent=transport=dt_socket,embedding=1,server=y,suspend=n,address=127.0.0.1:56918
Begin MonoManager ReloadAssembly
Registering precompiled unity dll's ...
Register platform support module: /Applications/Unity/Hub/Editor/2021.3.10f1/Unity.app/Contents/PlaybackEngines/MacStandaloneSupport/UnityEditor.OSXStandalone.Extensions.dll
Register platform support module: /Applications/Unity/Hub/Editor/2021.3.10f1/PlaybackEngines/AndroidPlayer/UnityEditor.Android.Extensions.dll
Register platform support module: /Applications/Unity/Hub/Editor/2021.3.10f1/PlaybackEngines/WindowsStandaloneSupport/UnityEditor.WindowsStandalone.Extensions.dll
Registered in 0.003853 seconds.
Native extension for WindowsStandalone target not found
Native extension for Android target not found
Native extension for OSXStandalone target not found
Refreshing native plugins compatible for Editor in 70.21 ms, found 2 plugins.
Preloading 0 native plugins for Editor in 0.00 ms.
Mono: successfully reloaded assembly
- Completed reload, in  0.410 seconds
Domain Reload Profiling:
	ReloadAssembly (411ms)
		BeginReloadAssembly (56ms)
			ExecutionOrderSort (0ms)
			DisableScriptedObjects (0ms)
			BackupInstance (0ms)
			ReleaseScriptingObjects (0ms)
			CreateAndSetChildDomain (0ms)
		EndReloadAssembly (287ms)
			LoadAssemblies (57ms)
			RebuildTransferFunctionScriptingTraits (0ms)
			SetupTypeCache (68ms)
			ReleaseScriptCaches (0ms)
			RebuildScriptCaches (19ms)
			SetupLoadedEditorAssemblies (173ms)
				LogAssemblyErrors (0ms)
				InitializePlatformSupportModulesInManaged (28ms)
				SetLoadedEditorAssemblies (0ms)
				RefreshPlugins (70ms)
				BeforeProcessingInitializeOnLoad (1ms)
				ProcessInitializeOnLoadAttributes (49ms)
				ProcessInitializeOnLoadMethodAttributes (24ms)
				AfterProcessingInitializeOnLoad (0ms)
				EditorAssembliesLoaded (0ms)
			ExecutionOrderSort2 (0ms)
			AwakeInstancesAfterBackupRestoration (0ms)
Platform modules already initialized, skipping
Registering precompiled user dll's ...
Registered in 0.001787 seconds.
Begin MonoManager ReloadAssembly
Symbol file LoadedFromMemory doesn't match image /Users/nurbol/Game interface/Library/PackageCache/com.unity.visualscripting@1.7.8/Editor/VisualScripting.Core/Dependencies/YamlDotNet/Unity.VisualScripting.YamlDotNet.dll
Symbol file LoadedFromMemory doesn't match image /Users/nurbol/Game interface/Library/PackageCache/com.unity.visualscripting@1.7.8/Editor/VisualScripting.Core/Dependencies/DotNetZip/Unity.VisualScripting.IonicZip.dll
Native extension for WindowsStandalone target not found
Native extension for Android target not found
Native extension for OSXStandalone target not found
Refreshing native plugins compatible for Editor in 0.40 ms, found 2 plugins.
Preloading 0 native plugins for Editor in 0.00 ms.
Mono: successfully reloaded assembly
- Completed reload, in  0.731 seconds
Domain Reload Profiling:
	ReloadAssembly (732ms)
		BeginReloadAssembly (171ms)
			ExecutionOrderSort (0ms)
			DisableScriptedObjects (3ms)
			BackupInstance (0ms)
			ReleaseScriptingObjects (0ms)
			CreateAndSetChildDomain (126ms)
		EndReloadAssembly (493ms)
			LoadAssemblies (59ms)
			RebuildTransferFunctionScriptingTraits (0ms)
			SetupTypeCache (168ms)
			ReleaseScriptCaches (2ms)
			RebuildScriptCaches (33ms)
			SetupLoadedEditorAssemblies (210ms)
				LogAssemblyErrors (0ms)
				InitializePlatformSupportModulesInManaged (7ms)
				SetLoadedEditorAssemblies (0ms)
				RefreshPlugins (0ms)
				BeforeProcessingInitializeOnLoad (55ms)
				ProcessInitializeOnLoadAttributes (131ms)
				ProcessInitializeOnLoadMethodAttributes (16ms)
				AfterProcessingInitializeOnLoad (1ms)
				EditorAssembliesLoaded (0ms)
			ExecutionOrderSort2 (0ms)
			AwakeInstancesAfterBackupRestoration (2ms)
Platform modules already initialized, skipping
========================================================================
Worker process is ready to serve import requests
Launching external process: /Applications/Unity/Hub/Editor/2021.3.10f1/Unity.app/Contents/Tools/UnityShaderCompiler
Launched and connected shader compiler UnityShaderCompiler after 0.05 seconds
Refreshing native plugins compatible for Editor in 0.43 ms, found 2 plugins.
Preloading 0 native plugins for Editor in 0.00 ms.
Unloading 3393 Unused Serialized files (Serialized files now loaded: 0)
Unloading 25 unused Assets / (40.6 KB). Loaded Objects now: 3856.
Memory consumption went from 79.6 MB to 79.5 MB.
Total: 2.973916 ms (FindLiveObjects: 0.130834 ms CreateObjectMapping: 0.042958 ms MarkObjects: 2.640583 ms  DeleteObjects: 0.159125 ms)

AssetImportParameters requested are different than current active one (requested -> active):
  custom:video-decoder-ogg-theora: a1e56fd34408186e4bbccfd4996cb3dc -> 
  custom:container-muxer-webm: aa71ff27fc2769a1b78a27578f13a17b -> 
  custom:container-demuxer-webm: 4f35f7cbe854078d1ac9338744f61a02 -> 
  custom:video-encoder-webm-vp8: eb34c28f22e8b96e1ab97ce403110664 -> 
  custom:framework-osx-AVFoundation: e770b220cccbd017edd2c1fefb359320 -> 
  custom:audio-encoder-webm-vorbis: bf7c407c2cedff20999df2af8eb42d56 -> 
  custom:container-demuxer-ogg: 62fdf1f143b41e24485cea50d1cbac27 -> 
  custom:video-decoder-webm-vp8: 9c59270c3fd7afecdb556c50c9e8de78 -> 
  custom:audio-decoder-ogg-vorbis: bf7c407c2cedff20999df2af8eb42d56 -> 
========================================================================
Received Import Request.
  Time since last request: 4567.184818 seconds.
  path: Assets/Resource/Menu/Backgrounds/Bg.png
  artifactKey: Guid(c728e4f62738140d397abcb1c9ecc9dc) Importer(815301076,1909f56bfc062723c751e8b465ee728b)
Start importing Assets/Resource/Menu/Backgrounds/Bg.png using Guid(c728e4f62738140d397abcb1c9ecc9dc) Importer(815301076,1909f56bfc062723c751e8b465ee728b)  -> (artifact id: '3c4b3cd1f8b332bb96a6fde464c6984f') in 0.226110 seconds 
========================================================================
Received Import Request.
  Time since last request: 61.768175 seconds.
  path: Assets/Resource/Menu/Icons/Icon_message.png
  artifactKey: Guid(a25c9eac1f9dd454982ee641461926f0) Importer(815301076,1909f56bfc062723c751e8b465ee728b)
Start importing Assets/Resource/Menu/Icons/Icon_message.png using Guid(a25c9eac1f9dd454982ee641461926f0) Importer(815301076,1909f56bfc062723c751e8b465ee728b)  -> (artifact id: '3abbb3a4a0c38c4d07282d0c057ac4e1') in 0.015938 seconds 
========================================================================
Received Import Request.
  Time since last request: 0.000069 seconds.
  path: Assets/Resource/Menu/Icons/Icon_time_idle.png
  artifactKey: Guid(5a43f0d63753f400183efc8d836ef862) Importer(815301076,1909f56bfc062723c751e8b465ee728b)
Start importing Assets/Resource/Menu/Icons/Icon_time_idle.png using Guid(5a43f0d63753f400183efc8d836ef862) Importer(815301076,1909f56bfc062723c751e8b465ee728b)  -> (artifact id: '5f45e4bbdefacf7bf18fe7f92aad5f04') in 0.007585 seconds 
========================================================================
Received Import Request.
  Time since last request: 0.000070 seconds.
  path: Assets/Resource/Menu/Icons/Icon_Soft.png
  artifactKey: Guid(5440d6bc927614100bd0c68aba42c359) Importer(815301076,1909f56bfc062723c751e8b465ee728b)
Start importing Assets/Resource/Menu/Icons/Icon_Soft.png using Guid(5440d6bc927614100bd0c68aba42c359) Importer(815301076,1909f56bfc062723c751e8b465ee728b)  -> (artifact id: 'f7038a74a6826fec3be5f2a48261563c') in 0.007868 seconds 
========================================================================
Received Import Request.
  Time since last request: 0.000031 seconds.
  path: Assets/Resource/Menu/Icons/Icon_Warehouse.png
  artifactKey: Guid(5b2eaad6fb2a2448db5531609ea1eb8f) Importer(815301076,1909f56bfc062723c751e8b465ee728b)
Start importing Assets/Resource/Menu/Icons/Icon_Warehouse.png using Guid(5b2eaad6fb2a2448db5531609ea1eb8f) Importer(815301076,1909f56bfc062723c751e8b465ee728b)  -> (artifact id: 'd6de96d3e2958c5881f330fdeb1658c8') in 0.010408 seconds 
========================================================================
Received Import Request.
  Time since last request: 18.913366 seconds.
  path: Assets/Resource/Trains/Cards/Trains/Baltimore/baltimore icon big 1.png
  artifactKey: Guid(bca5e3093881a45b2a4b4fec15eafa99) Importer(815301076,1909f56bfc062723c751e8b465ee728b)
Start importing Assets/Resource/Trains/Cards/Trains/Baltimore/baltimore icon big 1.png using Guid(bca5e3093881a45b2a4b4fec15eafa99) Importer(815301076,1909f56bfc062723c751e8b465ee728b)  -> (artifact id: '6dabacdbb57b8a1f7a0038c7c8f4cefe') in 0.015439 seconds 
========================================================================
Received Import Request.
  Time since last request: 0.000045 seconds.
  path: Assets/Resource/Trains/Cards/Trains/Baltimore/EMC-EA-EB-icon-full 1.png
  artifactKey: Guid(5a02ccb204b8b4e9a94d5487b54852d3) Importer(815301076,1909f56bfc062723c751e8b465ee728b)
Start importing Assets/Resource/Trains/Cards/Trains/Baltimore/EMC-EA-EB-icon-full 1.png using Guid(5a02ccb204b8b4e9a94d5487b54852d3) Importer(815301076,1909f56bfc062723c751e8b465ee728b)  -> (artifact id: 'ea6a2891cd0394b76f39bb98abd03208') in 0.011526 seconds 
