Unity Editor version:    2021.3.10f1 (1c7d0df0160b)
Branch:                  2021.3/staging
Build type:              Release
Batch mode:              YES
macOS version:           Version 14.3 (Build 23D56)
Darwin version:          23.3.0
Architecture:            arm64
Running under Rosetta:   NO
Available memory:        8192 MB
Using pre-set license
Pro License: YES

COMMAND LINE ARGUMENTS:
/Applications/Unity/Hub/Editor/2021.3.10f1/Unity.app/Contents/MacOS/Unity
-adb2
-batchMode
-noUpm
-name
AssetImportWorker0
-projectPath
/Users/nurbol/Game interface
-logFile
Logs/AssetImportWorker0.log
-srvPort
49294
Successfully changed project path to: /Users/nurbol/Game interface
/Users/nurbol/Game interface
[UnityMemory] Configuration Parameters - Can be set up in boot.config
    "memorysetup-bucket-allocator-granularity=16"
    "memorysetup-bucket-allocator-bucket-count=8"
    "memorysetup-bucket-allocator-block-size=33554432"
    "memorysetup-bucket-allocator-block-count=8"
    "memorysetup-main-allocator-block-size=16777216"
    "memorysetup-thread-allocator-block-size=16777216"
    "memorysetup-gfx-main-allocator-block-size=16777216"
    "memorysetup-gfx-thread-allocator-block-size=16777216"
    "memorysetup-cache-allocator-block-size=4194304"
    "memorysetup-typetree-allocator-block-size=2097152"
    "memorysetup-profiler-bucket-allocator-granularity=16"
    "memorysetup-profiler-bucket-allocator-bucket-count=8"
    "memorysetup-profiler-bucket-allocator-block-size=33554432"
    "memorysetup-profiler-bucket-allocator-block-count=8"
    "memorysetup-profiler-allocator-block-size=16777216"
    "memorysetup-profiler-editor-allocator-block-size=1048576"
    "memorysetup-temp-allocator-size-main=16777216"
    "memorysetup-job-temp-allocator-block-size=2097152"
    "memorysetup-job-temp-allocator-block-size-background=1048576"
    "memorysetup-job-temp-allocator-reduction-small-platforms=262144"
    "memorysetup-temp-allocator-size-background-worker=32768"
    "memorysetup-temp-allocator-size-job-worker=262144"
    "memorysetup-temp-allocator-size-preload-manager=33554432"
    "memorysetup-temp-allocator-size-nav-mesh-worker=65536"
    "memorysetup-temp-allocator-size-audio-worker=65536"
    "memorysetup-temp-allocator-size-cloud-worker=32768"
    "memorysetup-temp-allocator-size-gi-baking-worker=262144"
    "memorysetup-temp-allocator-size-gfx=262144"
Refreshing native plugins compatible for Editor in 64.14 ms, found 2 plugins.
Preloading 0 native plugins for Editor in 0.00 ms.
Initialize engine version: 2021.3.10f1 (1c7d0df0160b)
[Subsystems] Discovering subsystems at path /Applications/Unity/Hub/Editor/2021.3.10f1/Unity.app/Contents/Resources/UnitySubsystems
[Subsystems] Discovering subsystems at path /Users/nurbol/Game interface/Assets
GfxDevice: creating device client; threaded=0; jobified=0
 preferred device: Apple M1 (high power)
Metal devices available: 1
0: Apple M1 (high power)
Using device Apple M1 (high power)
Initializing Metal device caps: Apple M1
Initialize mono
Mono path[0] = '/Applications/Unity/Hub/Editor/2021.3.10f1/Unity.app/Contents/Managed'
Mono path[1] = '/Applications/Unity/Hub/Editor/2021.3.10f1/Unity.app/Contents/MonoBleedingEdge/lib/mono/unityjit-macos'
Mono config path = '/Applications/Unity/Hub/Editor/2021.3.10f1/Unity.app/Contents/MonoBleedingEdge/etc'
Using monoOptions --debugger-agent=transport=dt_socket,embedding=1,server=y,suspend=n,address=127.0.0.1:56916
Begin MonoManager ReloadAssembly
Registering precompiled unity dll's ...
Register platform support module: /Applications/Unity/Hub/Editor/2021.3.10f1/Unity.app/Contents/PlaybackEngines/MacStandaloneSupport/UnityEditor.OSXStandalone.Extensions.dll
Register platform support module: /Applications/Unity/Hub/Editor/2021.3.10f1/PlaybackEngines/AndroidPlayer/UnityEditor.Android.Extensions.dll
Register platform support module: /Applications/Unity/Hub/Editor/2021.3.10f1/PlaybackEngines/WindowsStandaloneSupport/UnityEditor.WindowsStandalone.Extensions.dll
Registered in 0.003853 seconds.
Native extension for WindowsStandalone target not found
Native extension for Android target not found
Native extension for OSXStandalone target not found
Refreshing native plugins compatible for Editor in 70.19 ms, found 2 plugins.
Preloading 0 native plugins for Editor in 0.00 ms.
Mono: successfully reloaded assembly
- Completed reload, in  0.410 seconds
Domain Reload Profiling:
	ReloadAssembly (411ms)
		BeginReloadAssembly (56ms)
			ExecutionOrderSort (0ms)
			DisableScriptedObjects (0ms)
			BackupInstance (0ms)
			ReleaseScriptingObjects (0ms)
			CreateAndSetChildDomain (0ms)
		EndReloadAssembly (287ms)
			LoadAssemblies (57ms)
			RebuildTransferFunctionScriptingTraits (0ms)
			SetupTypeCache (68ms)
			ReleaseScriptCaches (0ms)
			RebuildScriptCaches (19ms)
			SetupLoadedEditorAssemblies (173ms)
				LogAssemblyErrors (0ms)
				InitializePlatformSupportModulesInManaged (28ms)
				SetLoadedEditorAssemblies (0ms)
				RefreshPlugins (70ms)
				BeforeProcessingInitializeOnLoad (1ms)
				ProcessInitializeOnLoadAttributes (49ms)
				ProcessInitializeOnLoadMethodAttributes (25ms)
				AfterProcessingInitializeOnLoad (0ms)
				EditorAssembliesLoaded (0ms)
			ExecutionOrderSort2 (0ms)
			AwakeInstancesAfterBackupRestoration (0ms)
Platform modules already initialized, skipping
Registering precompiled user dll's ...
Registered in 0.001802 seconds.
Begin MonoManager ReloadAssembly
Symbol file LoadedFromMemory doesn't match image /Users/nurbol/Game interface/Library/PackageCache/com.unity.visualscripting@1.7.8/Editor/VisualScripting.Core/Dependencies/YamlDotNet/Unity.VisualScripting.YamlDotNet.dll
Symbol file LoadedFromMemory doesn't match image /Users/nurbol/Game interface/Library/PackageCache/com.unity.visualscripting@1.7.8/Editor/VisualScripting.Core/Dependencies/DotNetZip/Unity.VisualScripting.IonicZip.dll
Native extension for WindowsStandalone target not found
Native extension for Android target not found
Native extension for OSXStandalone target not found
Refreshing native plugins compatible for Editor in 0.31 ms, found 2 plugins.
Preloading 0 native plugins for Editor in 0.00 ms.
Mono: successfully reloaded assembly
- Completed reload, in  0.736 seconds
Domain Reload Profiling:
	ReloadAssembly (736ms)
		BeginReloadAssembly (175ms)
			ExecutionOrderSort (0ms)
			DisableScriptedObjects (3ms)
			BackupInstance (0ms)
			ReleaseScriptingObjects (0ms)
			CreateAndSetChildDomain (127ms)
		EndReloadAssembly (493ms)
			LoadAssemblies (61ms)
			RebuildTransferFunctionScriptingTraits (0ms)
			SetupTypeCache (168ms)
			ReleaseScriptCaches (2ms)
			RebuildScriptCaches (34ms)
			SetupLoadedEditorAssemblies (210ms)
				LogAssemblyErrors (0ms)
				InitializePlatformSupportModulesInManaged (7ms)
				SetLoadedEditorAssemblies (0ms)
				RefreshPlugins (0ms)
				BeforeProcessingInitializeOnLoad (55ms)
				ProcessInitializeOnLoadAttributes (130ms)
				ProcessInitializeOnLoadMethodAttributes (17ms)
				AfterProcessingInitializeOnLoad (1ms)
				EditorAssembliesLoaded (0ms)
			ExecutionOrderSort2 (0ms)
			AwakeInstancesAfterBackupRestoration (2ms)
Platform modules already initialized, skipping
========================================================================
Worker process is ready to serve import requests
Launching external process: /Applications/Unity/Hub/Editor/2021.3.10f1/Unity.app/Contents/Tools/UnityShaderCompiler
Launched and connected shader compiler UnityShaderCompiler after 0.05 seconds
Refreshing native plugins compatible for Editor in 0.43 ms, found 2 plugins.
Preloading 0 native plugins for Editor in 0.00 ms.
Unloading 3393 Unused Serialized files (Serialized files now loaded: 0)
Unloading 25 unused Assets / (40.6 KB). Loaded Objects now: 3856.
Memory consumption went from 79.4 MB to 79.4 MB.
Total: 2.657583 ms (FindLiveObjects: 0.140375 ms CreateObjectMapping: 0.044959 ms MarkObjects: 2.208125 ms  DeleteObjects: 0.263667 ms)

AssetImportParameters requested are different than current active one (requested -> active):
  custom:video-decoder-ogg-theora: a1e56fd34408186e4bbccfd4996cb3dc -> 
  custom:container-muxer-webm: aa71ff27fc2769a1b78a27578f13a17b -> 
  custom:container-demuxer-webm: 4f35f7cbe854078d1ac9338744f61a02 -> 
  custom:video-encoder-webm-vp8: eb34c28f22e8b96e1ab97ce403110664 -> 
  custom:framework-osx-AVFoundation: e770b220cccbd017edd2c1fefb359320 -> 
  custom:audio-encoder-webm-vorbis: bf7c407c2cedff20999df2af8eb42d56 -> 
  custom:container-demuxer-ogg: 62fdf1f143b41e24485cea50d1cbac27 -> 
  custom:video-decoder-webm-vp8: 9c59270c3fd7afecdb556c50c9e8de78 -> 
  custom:audio-decoder-ogg-vorbis: bf7c407c2cedff20999df2af8eb42d56 -> 
========================================================================
Received Import Request.
  Time since last request: 4547.958229 seconds.
  path: Assets/Resource/Menu/Blocks/Header.png
  artifactKey: Guid(8e195d36341ef458ea4f06abbc7daba3) Importer(815301076,1909f56bfc062723c751e8b465ee728b)
Start importing Assets/Resource/Menu/Blocks/Header.png using Guid(8e195d36341ef458ea4f06abbc7daba3) Importer(815301076,1909f56bfc062723c751e8b465ee728b)  -> (artifact id: '90cfb690654dd0051bfe50508105d148') in 0.367588 seconds 
========================================================================
Received Import Request.
  Time since last request: 18.835615 seconds.
  path: Assets/Resource/Menu/Backgrounds/Bg_gradient.png
  artifactKey: Guid(c4b4874dabb0246f29b8a80a58594b5e) Importer(815301076,1909f56bfc062723c751e8b465ee728b)
Start importing Assets/Resource/Menu/Backgrounds/Bg_gradient.png using Guid(c4b4874dabb0246f29b8a80a58594b5e) Importer(815301076,1909f56bfc062723c751e8b465ee728b)  -> (artifact id: 'd5858ab3ee99d26cb128df879b0181c9') in 0.048504 seconds 
========================================================================
Received Import Request.
  Time since last request: 0.000067 seconds.
  path: Assets/Resource/Menu/Backgrounds/Bg_hint.png
  artifactKey: Guid(c9622d84665174f66b404e434ff9cef3) Importer(815301076,1909f56bfc062723c751e8b465ee728b)
Start importing Assets/Resource/Menu/Backgrounds/Bg_hint.png using Guid(c9622d84665174f66b404e434ff9cef3) Importer(815301076,1909f56bfc062723c751e8b465ee728b)  -> (artifact id: 'bc03c5b54120d54a240348c6a55e3a4b') in 0.006760 seconds 
========================================================================
Received Import Request.
  Time since last request: 0.000033 seconds.
  path: Assets/Resource/Menu/Backgrounds/PhilThomasRe.png
  artifactKey: Guid(e514bdaac454c439fb8d8e5ed0117178) Importer(815301076,1909f56bfc062723c751e8b465ee728b)
Start importing Assets/Resource/Menu/Backgrounds/PhilThomasRe.png using Guid(e514bdaac454c439fb8d8e5ed0117178) Importer(815301076,1909f56bfc062723c751e8b465ee728b)  -> (artifact id: 'c3180dba08519dbca6d4db3c81a9ee94') in 0.046154 seconds 
========================================================================
Received Import Request.
  Time since last request: 0.000056 seconds.
  path: Assets/Resource/Menu/Backgrounds/Bg_header.png
  artifactKey: Guid(5ab3398f42eed455eb645e2da0a9515d) Importer(815301076,1909f56bfc062723c751e8b465ee728b)
Start importing Assets/Resource/Menu/Backgrounds/Bg_header.png using Guid(5ab3398f42eed455eb645e2da0a9515d) Importer(815301076,1909f56bfc062723c751e8b465ee728b)  -> (artifact id: 'a4c5ce4edea13c24f3fd7f100c0247c1') in 0.007646 seconds 
========================================================================
Received Import Request.
  Time since last request: 0.000055 seconds.
  path: Assets/Resource/Menu/Backgrounds/Bg_button.png
  artifactKey: Guid(b07ac210b436a46aba151c5603f54116) Importer(815301076,1909f56bfc062723c751e8b465ee728b)
Start importing Assets/Resource/Menu/Backgrounds/Bg_button.png using Guid(b07ac210b436a46aba151c5603f54116) Importer(815301076,1909f56bfc062723c751e8b465ee728b)  -> (artifact id: '98f5f80ba06d6854a6c5058c6b005e99') in 0.008350 seconds 
========================================================================
Received Import Request.
  Time since last request: 0.000039 seconds.
  path: Assets/Resource/Menu/Backgrounds/Bg_timer.png
  artifactKey: Guid(cca77a153f7664eb385b6f6314f63de0) Importer(815301076,1909f56bfc062723c751e8b465ee728b)
Start importing Assets/Resource/Menu/Backgrounds/Bg_timer.png using Guid(cca77a153f7664eb385b6f6314f63de0) Importer(815301076,1909f56bfc062723c751e8b465ee728b)  -> (artifact id: '034c9ad0d60c77681a69b306c244f928') in 0.007127 seconds 
========================================================================
Received Import Request.
  Time since last request: 61.867949 seconds.
  path: Assets/Resource/Menu/Icons/Icon_header_2.png
  artifactKey: Guid(f7705bdcaf757470e815cba6518bd825) Importer(815301076,1909f56bfc062723c751e8b465ee728b)
Start importing Assets/Resource/Menu/Icons/Icon_header_2.png using Guid(f7705bdcaf757470e815cba6518bd825) Importer(815301076,1909f56bfc062723c751e8b465ee728b)  -> (artifact id: '80c6fafd2a3b9d5e5178d40eb024b0c9') in 0.016488 seconds 
========================================================================
Received Import Request.
  Time since last request: 0.000048 seconds.
  path: Assets/Resource/Menu/Icons/Icon_time.png
  artifactKey: Guid(1e0ebc2d286ab439b9264086006c63eb) Importer(815301076,1909f56bfc062723c751e8b465ee728b)
Start importing Assets/Resource/Menu/Icons/Icon_time.png using Guid(1e0ebc2d286ab439b9264086006c63eb) Importer(815301076,1909f56bfc062723c751e8b465ee728b)  -> (artifact id: '51162476315bfc13f3f712e3e4ac1711') in 0.006717 seconds 
========================================================================
Received Import Request.
  Time since last request: 0.000074 seconds.
  path: Assets/Resource/Menu/Icons/Icon_Union.png
  artifactKey: Guid(cf600b8abea1e426f8f3dabfc514f056) Importer(815301076,1909f56bfc062723c751e8b465ee728b)
Start importing Assets/Resource/Menu/Icons/Icon_Union.png using Guid(cf600b8abea1e426f8f3dabfc514f056) Importer(815301076,1909f56bfc062723c751e8b465ee728b)  -> (artifact id: 'd6ee420d48e41ecc862f2e1ce60e4cd2') in 0.007626 seconds 
========================================================================
Received Import Request.
  Time since last request: 0.000039 seconds.
  path: Assets/Resource/Menu/Icons/Icon_plus.png
  artifactKey: Guid(28a79bd14e99d489ab9071074cb79350) Importer(815301076,1909f56bfc062723c751e8b465ee728b)
Start importing Assets/Resource/Menu/Icons/Icon_plus.png using Guid(28a79bd14e99d489ab9071074cb79350) Importer(815301076,1909f56bfc062723c751e8b465ee728b)  -> (artifact id: '15c420a56c4bc3ae0556854c62ceafa7') in 0.007647 seconds 
========================================================================
Received Import Request.
  Time since last request: 18.916464 seconds.
  path: Assets/Resource/Trains/Cards/Trains/Baltimore/American 1.png
  artifactKey: Guid(047358617d0bc4cd68160b66466544b7) Importer(815301076,1909f56bfc062723c751e8b465ee728b)
Start importing Assets/Resource/Trains/Cards/Trains/Baltimore/American 1.png using Guid(047358617d0bc4cd68160b66466544b7) Importer(815301076,1909f56bfc062723c751e8b465ee728b)  -> (artifact id: '836200d1d13f8915e2b28e6391c86bd5') in 0.014510 seconds 
========================================================================
Received Import Request.
  Time since last request: 0.000051 seconds.
  path: Assets/Resource/Trains/Cards/Trains/Baltimore/Consolidation.png
  artifactKey: Guid(d09df506bf0d24bef95968c8c1aeab09) Importer(815301076,1909f56bfc062723c751e8b465ee728b)
Start importing Assets/Resource/Trains/Cards/Trains/Baltimore/Consolidation.png using Guid(d09df506bf0d24bef95968c8c1aeab09) Importer(815301076,1909f56bfc062723c751e8b465ee728b)  -> (artifact id: 'ce9d38a43638ae11e0b4d120ea97a91b') in 0.012398 seconds 
